E, [2016-03-30T14:30:35.184177 #11805] ERROR -- Kitchen: ------Exception-------
E, [2016-03-30T14:30:35.184254 #11805] ERROR -- Kitchen: Class: Kitchen::UserError
E, [2016-03-30T14:30:35.184275 #11805] ERROR -- Kitchen: Message: Kitchen YAML file /Users/smukundhan/Documents/vagrant_centOS/centOS/cookbooks/test-apache1/recipes/.kitchen.yml does not exist.
E, [2016-03-30T14:30:35.184292 #11805] ERROR -- Kitchen: ------Backtrace-------
E, [2016-03-30T14:30:35.184307 #11805] ERROR -- Kitchen: /opt/chefdk/embedded/lib/ruby/gems/2.1.0/gems/test-kitchen-1.6.0/lib/kitchen/loader/yaml.rb:74:in `read'
E, [2016-03-30T14:30:35.184321 #11805] ERROR -- Kitchen: /opt/chefdk/embedded/lib/ruby/gems/2.1.0/gems/test-kitchen-1.6.0/lib/kitchen/config.rb:149:in `data'
E, [2016-03-30T14:30:35.184336 #11805] ERROR -- Kitchen: /opt/chefdk/embedded/lib/ruby/gems/2.1.0/gems/test-kitchen-1.6.0/lib/kitchen/config.rb:128:in `suites'
E, [2016-03-30T14:30:35.184350 #11805] ERROR -- Kitchen: /opt/chefdk/embedded/lib/ruby/gems/2.1.0/gems/test-kitchen-1.6.0/lib/kitchen/config.rb:179:in `filter_instances'
E, [2016-03-30T14:30:35.184385 #11805] ERROR -- Kitchen: /opt/chefdk/embedded/lib/ruby/gems/2.1.0/gems/test-kitchen-1.6.0/lib/kitchen/config.rb:138:in `build_instances'
E, [2016-03-30T14:30:35.184400 #11805] ERROR -- Kitchen: /opt/chefdk/embedded/lib/ruby/gems/2.1.0/gems/test-kitchen-1.6.0/lib/kitchen/config.rb:114:in `instances'
E, [2016-03-30T14:30:35.184414 #11805] ERROR -- Kitchen: /opt/chefdk/embedded/lib/ruby/gems/2.1.0/gems/test-kitchen-1.6.0/lib/kitchen/command.rb:115:in `filtered_instances'
E, [2016-03-30T14:30:35.184428 #11805] ERROR -- Kitchen: /opt/chefdk/embedded/lib/ruby/gems/2.1.0/gems/test-kitchen-1.6.0/lib/kitchen/command.rb:145:in `parse_subcommand'
E, [2016-03-30T14:30:35.184441 #11805] ERROR -- Kitchen: /opt/chefdk/embedded/lib/ruby/gems/2.1.0/gems/test-kitchen-1.6.0/lib/kitchen/command/login.rb:32:in `call'
E, [2016-03-30T14:30:35.184454 #11805] ERROR -- Kitchen: /opt/chefdk/embedded/lib/ruby/gems/2.1.0/gems/test-kitchen-1.6.0/lib/kitchen/cli.rb:56:in `perform'
E, [2016-03-30T14:30:35.184468 #11805] ERROR -- Kitchen: /opt/chefdk/embedded/lib/ruby/gems/2.1.0/gems/test-kitchen-1.6.0/lib/kitchen/cli.rb:234:in `login'
E, [2016-03-30T14:30:35.184481 #11805] ERROR -- Kitchen: /opt/chefdk/embedded/lib/ruby/gems/2.1.0/gems/thor-0.19.1/lib/thor/command.rb:27:in `run'
E, [2016-03-30T14:30:35.184494 #11805] ERROR -- Kitchen: /opt/chefdk/embedded/lib/ruby/gems/2.1.0/gems/thor-0.19.1/lib/thor/invocation.rb:126:in `invoke_command'
E, [2016-03-30T14:30:35.184508 #11805] ERROR -- Kitchen: /opt/chefdk/embedded/lib/ruby/gems/2.1.0/gems/test-kitchen-1.6.0/lib/kitchen/cli.rb:321:in `invoke_task'
E, [2016-03-30T14:30:35.184521 #11805] ERROR -- Kitchen: /opt/chefdk/embedded/lib/ruby/gems/2.1.0/gems/thor-0.19.1/lib/thor.rb:359:in `dispatch'
E, [2016-03-30T14:30:35.184534 #11805] ERROR -- Kitchen: /opt/chefdk/embedded/lib/ruby/gems/2.1.0/gems/thor-0.19.1/lib/thor/base.rb:440:in `start'
E, [2016-03-30T14:30:35.184547 #11805] ERROR -- Kitchen: /opt/chefdk/embedded/lib/ruby/gems/2.1.0/gems/test-kitchen-1.6.0/bin/kitchen:13:in `block in <top (required)>'
E, [2016-03-30T14:30:35.184561 #11805] ERROR -- Kitchen: /opt/chefdk/embedded/lib/ruby/gems/2.1.0/gems/test-kitchen-1.6.0/lib/kitchen/errors.rb:154:in `with_friendly_errors'
E, [2016-03-30T14:30:35.184574 #11805] ERROR -- Kitchen: /opt/chefdk/embedded/lib/ruby/gems/2.1.0/gems/test-kitchen-1.6.0/bin/kitchen:13:in `<top (required)>'
E, [2016-03-30T14:30:35.184587 #11805] ERROR -- Kitchen: /usr/local/bin/kitchen:15:in `load'
E, [2016-03-30T14:30:35.184600 #11805] ERROR -- Kitchen: /usr/local/bin/kitchen:15:in `<main>'
E, [2016-03-30T14:30:35.184613 #11805] ERROR -- Kitchen: ----------------------
