E, [2016-03-31T12:30:49.874496 #24525] ERROR -- Kitchen: ------Exception-------
E, [2016-03-31T12:30:49.874547 #24525] ERROR -- Kitchen: Class: Kitchen::UserError
E, [2016-03-31T12:30:49.874562 #24525] ERROR -- Kitchen: Message: Kitchen YAML file /Users/smukundhan/Documents/vagrant_centOS/centOS/cookbooks/test-apache1/files/default/.kitchen.yml does not exist.
E, [2016-03-31T12:30:49.874574 #24525] ERROR -- Kitchen: ------Backtrace-------
E, [2016-03-31T12:30:49.874600 #24525] ERROR -- Kitchen: /opt/chefdk/embedded/lib/ruby/gems/2.1.0/gems/test-kitchen-1.6.0/lib/kitchen/loader/yaml.rb:74:in `read'
E, [2016-03-31T12:30:49.874610 #24525] ERROR -- Kitchen: /opt/chefdk/embedded/lib/ruby/gems/2.1.0/gems/test-kitchen-1.6.0/lib/kitchen/config.rb:149:in `data'
E, [2016-03-31T12:30:49.874619 #24525] ERROR -- Kitchen: /opt/chefdk/embedded/lib/ruby/gems/2.1.0/gems/test-kitchen-1.6.0/lib/kitchen/config.rb:128:in `suites'
E, [2016-03-31T12:30:49.874628 #24525] ERROR -- Kitchen: /opt/chefdk/embedded/lib/ruby/gems/2.1.0/gems/test-kitchen-1.6.0/lib/kitchen/config.rb:179:in `filter_instances'
E, [2016-03-31T12:30:49.874637 #24525] ERROR -- Kitchen: /opt/chefdk/embedded/lib/ruby/gems/2.1.0/gems/test-kitchen-1.6.0/lib/kitchen/config.rb:138:in `build_instances'
E, [2016-03-31T12:30:49.874648 #24525] ERROR -- Kitchen: /opt/chefdk/embedded/lib/ruby/gems/2.1.0/gems/test-kitchen-1.6.0/lib/kitchen/config.rb:114:in `instances'
E, [2016-03-31T12:30:49.874659 #24525] ERROR -- Kitchen: /opt/chefdk/embedded/lib/ruby/gems/2.1.0/gems/test-kitchen-1.6.0/lib/kitchen/command.rb:115:in `filtered_instances'
E, [2016-03-31T12:30:49.874668 #24525] ERROR -- Kitchen: /opt/chefdk/embedded/lib/ruby/gems/2.1.0/gems/test-kitchen-1.6.0/lib/kitchen/command.rb:145:in `parse_subcommand'
E, [2016-03-31T12:30:49.874677 #24525] ERROR -- Kitchen: /opt/chefdk/embedded/lib/ruby/gems/2.1.0/gems/test-kitchen-1.6.0/lib/kitchen/command/list.rb:32:in `call'
E, [2016-03-31T12:30:49.874686 #24525] ERROR -- Kitchen: /opt/chefdk/embedded/lib/ruby/gems/2.1.0/gems/test-kitchen-1.6.0/lib/kitchen/cli.rb:56:in `perform'
E, [2016-03-31T12:30:49.874695 #24525] ERROR -- Kitchen: /opt/chefdk/embedded/lib/ruby/gems/2.1.0/gems/test-kitchen-1.6.0/lib/kitchen/cli.rb:116:in `list'
E, [2016-03-31T12:30:49.874704 #24525] ERROR -- Kitchen: /opt/chefdk/embedded/lib/ruby/gems/2.1.0/gems/thor-0.19.1/lib/thor/command.rb:27:in `run'
E, [2016-03-31T12:30:49.874713 #24525] ERROR -- Kitchen: /opt/chefdk/embedded/lib/ruby/gems/2.1.0/gems/thor-0.19.1/lib/thor/invocation.rb:126:in `invoke_command'
E, [2016-03-31T12:30:49.874721 #24525] ERROR -- Kitchen: /opt/chefdk/embedded/lib/ruby/gems/2.1.0/gems/test-kitchen-1.6.0/lib/kitchen/cli.rb:321:in `invoke_task'
E, [2016-03-31T12:30:49.874733 #24525] ERROR -- Kitchen: /opt/chefdk/embedded/lib/ruby/gems/2.1.0/gems/thor-0.19.1/lib/thor.rb:359:in `dispatch'
E, [2016-03-31T12:30:49.874742 #24525] ERROR -- Kitchen: /opt/chefdk/embedded/lib/ruby/gems/2.1.0/gems/thor-0.19.1/lib/thor/base.rb:440:in `start'
E, [2016-03-31T12:30:49.874751 #24525] ERROR -- Kitchen: /opt/chefdk/embedded/lib/ruby/gems/2.1.0/gems/test-kitchen-1.6.0/bin/kitchen:13:in `block in <top (required)>'
E, [2016-03-31T12:30:49.874760 #24525] ERROR -- Kitchen: /opt/chefdk/embedded/lib/ruby/gems/2.1.0/gems/test-kitchen-1.6.0/lib/kitchen/errors.rb:154:in `with_friendly_errors'
E, [2016-03-31T12:30:49.874769 #24525] ERROR -- Kitchen: /opt/chefdk/embedded/lib/ruby/gems/2.1.0/gems/test-kitchen-1.6.0/bin/kitchen:13:in `<top (required)>'
E, [2016-03-31T12:30:49.874778 #24525] ERROR -- Kitchen: /usr/local/bin/kitchen:15:in `load'
E, [2016-03-31T12:30:49.874786 #24525] ERROR -- Kitchen: /usr/local/bin/kitchen:15:in `<main>'
E, [2016-03-31T12:30:49.874808 #24525] ERROR -- Kitchen: ----------------------
